<?xml version="1.0" encoding="UTF-8"?>
<testng-results ignored="0" total="1" passed="1" failed="0" skipped="0">
  <reporter-output>
  </reporter-output>
  <suite started-at="2018-05-03T09:57:20Z" name="Default suite" finished-at="2018-05-03T09:57:20Z" duration-ms="64">
    <groups>
    </groups>
    <test started-at="2018-05-03T09:57:20Z" name="Default test" finished-at="2018-05-03T09:57:20Z" duration-ms="64">
      <class name="git.May0305">
        <test-method signature="naveen()[pri:0, instance:git.May0305@d35dea7]" started-at="2018-05-03T09:57:20Z" name="naveen" finished-at="2018-05-03T09:57:20Z" duration-ms="31" status="PASS">
          <reporter-output>
          </reporter-output>
        </test-method> <!-- naveen -->
      </class> <!-- git.May0305 -->
    </test> <!-- Default test -->
  </suite> <!-- Default suite -->
</testng-results>
